2025-05-11 17:42:26,658 - INFO - 开始分析 ./杏花年度历史数据_含积温.csv
2025-05-11 17:42:26,658 - INFO - 加载数据: ./杏花年度历史数据_含积温.csv
2025-05-11 17:42:26,663 - INFO - 成功加载数据，包含 15 行和 15 列
2025-05-11 17:42:26,663 - INFO - 开始数据清理
2025-05-11 17:42:26,667 - INFO - 列 temp_jan_avg 中检测到 1 个异常值
2025-05-11 17:42:26,669 - INFO - 列 temp_feb_avg 中检测到 1 个异常值
2025-05-11 17:42:26,673 - INFO - 列 rainfall_mar_total 中检测到 1 个异常值
2025-05-11 17:42:26,676 - INFO - 列 gdd 中检测到 1 个异常值
2025-05-11 17:42:26,678 - INFO - 列 first_bloom_doy 中检测到 2 个异常值
2025-05-11 17:42:26,680 - INFO - 列 full_bloom_doy 中检测到 2 个异常值
2025-05-11 17:42:26,682 - INFO - 列 end_bloom_doy 中检测到 1 个异常值
2025-05-11 17:42:26,683 - INFO - 数据清理完成
2025-05-11 17:42:26,683 - INFO - 开始特征工程
2025-05-11 17:42:26,684 - INFO - 特征工程完成，新增特征: ['daylight_jan_avg', 'total_spring_rainfall', 'gdd', 'flowering_period_length', 'rainfall_mar_total', 'rainfall_feb_total', 'year', 'end_bloom_doy', 'daylight_feb_avg', 'avg_temperature', 'is_recent', 'daylight_mar_avg', 'rainfall_jan_total', 'bloom_duration_days']
2025-05-11 17:42:26,684 - INFO - 计算直接经济收益
2025-05-11 17:42:26,686 - INFO - 直接收益计算完成，平均直接收益: 10042000.00
2025-05-11 17:42:26,686 - INFO - 计算产业链总收益
2025-05-11 17:42:26,687 - INFO - 产业链总收益计算完成，平均总收益: 25105000.00
2025-05-11 17:42:26,687 - INFO - 进行敏感性分析
2025-05-11 17:42:26,687 - INFO - 游客增长 5.0% 时的平均收益: 10544100.00
2025-05-11 17:42:26,687 - INFO - 游客增长 10.0% 时的平均收益: 11046200.00
2025-05-11 17:42:26,689 - INFO - 游客增长 15.0% 时的平均收益: 11548300.00
2025-05-11 17:42:26,689 - INFO - 游客增长 20.0% 时的平均收益: 12050400.00
2025-05-11 17:42:26,689 - INFO - 计算花期延长的经济效益影响
2025-05-11 17:42:26,690 - INFO - 花期延长 10.0% 的平均经济效益: 773666.67
2025-05-11 17:42:26,690 - INFO - 花期延长 20.0% 的平均经济效益: 844000.00
2025-05-11 17:42:26,691 - INFO - 花期延长 30.0% 的平均经济效益: 914333.33
2025-05-11 17:42:26,691 - INFO - 建立花期-经济效益预测模型
2025-05-11 17:42:26,695 - INFO - 模型结果 - R\xb2: 1.0000, MSE: 0.00
2025-05-11 17:42:26,695 - INFO - 系数: 花期长度 = 110000.00, 平均温度 = -0.00, 截距 = -0.00
2025-05-11 17:42:27,096 - INFO - 图表已保存: visualization_output/flowering_vs_economic_impact.png
2025-05-11 17:42:27,504 - INFO - 图表已保存: visualization_output/temperature_vs_flowering.png
2025-05-11 17:42:27,504 - INFO - 数据中没有城市列，跳过城市比较图
2025-05-11 17:42:27,881 - INFO - 图表已保存: visualization_output/rainfall_vs_bloom.png
2025-05-11 17:42:28,231 - INFO - 图表已保存: visualization_output/prediction_model.png
2025-05-11 17:42:28,621 - INFO - 图表已保存: visualization_output/sensitivity_analysis.png
2025-05-11 17:42:28,622 - INFO - 生成分析报告:
2025-05-11 17:42:28,622 - INFO - == 数据概览 ==
2025-05-11 17:42:28,622 - INFO -   记录数: 15
2025-05-11 17:42:28,623 - INFO -   特征数: 39
2025-05-11 17:42:28,623 - INFO - == 花期统计 ==
2025-05-11 17:42:28,623 - INFO -   平均花期长度: 7.03
2025-05-11 17:42:28,623 - INFO -   最短花期: 5.00
2025-05-11 17:42:28,623 - INFO -   最长花期: 11.00
2025-05-11 17:42:28,623 - INFO - == 经济效益 ==
2025-05-11 17:42:28,623 - INFO -   平均经济效益: 773666.67
2025-05-11 17:42:28,623 - INFO -   最高经济效益: 1210000.00
2025-05-11 17:42:28,623 - INFO - == 模型评估 ==
2025-05-11 17:42:28,623 - INFO -   R\xb2: 1.00
2025-05-11 17:42:28,623 - INFO -   花期长度系数: 110000.00
2025-05-11 17:42:28,623 - INFO -   温度系数: -0.00
2025-05-11 17:42:28,623 - INFO - 分析完成
2025-05-11 18:06:08,775 - INFO - 开始分析 ./杏花年度历史数据_含积温.csv
2025-05-11 18:06:08,775 - INFO - 加载数据: ./杏花年度历史数据_含积温.csv
2025-05-11 18:06:08,779 - INFO - 成功加载数据，包含 15 行和 15 列
2025-05-11 18:06:08,779 - INFO - 开始数据清理
2025-05-11 18:06:08,780 - INFO - 开始特征工程
2025-05-11 18:06:08,782 - INFO - 计算直接经济收益
2025-05-11 18:06:08,782 - INFO - 计算产业链总收益
2025-05-11 18:06:08,782 - INFO - 计算花期延长的经济效益影响
2025-05-11 18:06:08,784 - INFO - 建立花期-经济效益预测模型
2025-05-11 18:06:08,786 - ERROR - 分析过程中出错: 'economic_impact_extension'
Traceback (most recent call last):
  File "D:\Python312\Lib\site-packages\pandas\core\indexes\base.py", line 3805, in get_loc
    return self._engine.get_loc(casted_key)
           ^^^^^^^^^^^^^^^^^^^^^^^^^^^^^^^^
  File "index.pyx", line 167, in pandas._libs.index.IndexEngine.get_loc
  File "index.pyx", line 196, in pandas._libs.index.IndexEngine.get_loc
  File "pandas\\_libs\\hashtable_class_helper.pxi", line 7081, in pandas._libs.hashtable.PyObjectHashTable.get_item
  File "pandas\\_libs\\hashtable_class_helper.pxi", line 7089, in pandas._libs.hashtable.PyObjectHashTable.get_item
KeyError: 'economic_impact_extension'

The above exception was the direct cause of the following exception:

Traceback (most recent call last):
  File "D:\学习资料\数模\2025数维杯\问题四代码+数据（同问题一）+图表+截图\问题四.py", line 133, in main
    data, model = build_prediction_model(data)
                  ^^^^^^^^^^^^^^^^^^^^^^^^^^^^
  File "D:\学习资料\数模\2025数维杯\问题四代码+数据（同问题一）+图表+截图\问题四.py", line 78, in build_prediction_model
    y = data['economic_impact_extension']
        ~~~~^^^^^^^^^^^^^^^^^^^^^^^^^^^^^
  File "D:\Python312\Lib\site-packages\pandas\core\frame.py", line 4102, in __getitem__
    indexer = self.columns.get_loc(key)
              ^^^^^^^^^^^^^^^^^^^^^^^^^
  File "D:\Python312\Lib\site-packages\pandas\core\indexes\base.py", line 3812, in get_loc
    raise KeyError(key) from err
KeyError: 'economic_impact_extension'
2025-05-11 18:06:15,343 - INFO - 开始分析 ./杏花年度历史数据_含积温.csv
2025-05-11 18:06:15,343 - INFO - 加载数据: ./杏花年度历史数据_含积温.csv
2025-05-11 18:06:15,347 - INFO - 成功加载数据，包含 15 行和 15 列
2025-05-11 18:06:15,347 - INFO - 开始数据清理
2025-05-11 18:06:15,348 - INFO - 开始特征工程
2025-05-11 18:06:15,349 - INFO - 计算直接经济收益
2025-05-11 18:06:15,350 - INFO - 计算产业链总收益
2025-05-11 18:06:15,350 - INFO - 计算花期延长的经济效益影响
2025-05-11 18:06:15,351 - INFO - 建立花期-经济效益预测模型
2025-05-11 18:06:15,352 - ERROR - 分析过程中出错: 'economic_impact_extension'
Traceback (most recent call last):
  File "D:\Python312\Lib\site-packages\pandas\core\indexes\base.py", line 3805, in get_loc
    return self._engine.get_loc(casted_key)
           ^^^^^^^^^^^^^^^^^^^^^^^^^^^^^^^^
  File "index.pyx", line 167, in pandas._libs.index.IndexEngine.get_loc
  File "index.pyx", line 196, in pandas._libs.index.IndexEngine.get_loc
  File "pandas\\_libs\\hashtable_class_helper.pxi", line 7081, in pandas._libs.hashtable.PyObjectHashTable.get_item
  File "pandas\\_libs\\hashtable_class_helper.pxi", line 7089, in pandas._libs.hashtable.PyObjectHashTable.get_item
KeyError: 'economic_impact_extension'

The above exception was the direct cause of the following exception:

Traceback (most recent call last):
  File "D:\学习资料\数模\2025数维杯\问题四代码+数据（同问题一）+图表+截图\问题四.py", line 133, in main
    data, model = build_prediction_model(data)
                  ^^^^^^^^^^^^^^^^^^^^^^^^^^^^
  File "D:\学习资料\数模\2025数维杯\问题四代码+数据（同问题一）+图表+截图\问题四.py", line 78, in build_prediction_model
    y = data['economic_impact_extension']
        ~~~~^^^^^^^^^^^^^^^^^^^^^^^^^^^^^
  File "D:\Python312\Lib\site-packages\pandas\core\frame.py", line 4102, in __getitem__
    indexer = self.columns.get_loc(key)
              ^^^^^^^^^^^^^^^^^^^^^^^^^
  File "D:\Python312\Lib\site-packages\pandas\core\indexes\base.py", line 3812, in get_loc
    raise KeyError(key) from err
KeyError: 'economic_impact_extension'
2025-05-11 18:06:21,609 - INFO - 开始分析 ./杏花年度历史数据_含积温.csv
2025-05-11 18:06:21,609 - INFO - 加载数据: ./杏花年度历史数据_含积温.csv
2025-05-11 18:06:21,616 - INFO - 成功加载数据，包含 15 行和 15 列
2025-05-11 18:06:21,617 - INFO - 开始数据清理
2025-05-11 18:06:21,621 - INFO - 列 temp_jan_avg 中检测到 1 个异常值
2025-05-11 18:06:21,622 - INFO - 列 temp_feb_avg 中检测到 1 个异常值
2025-05-11 18:06:21,627 - INFO - 列 rainfall_mar_total 中检测到 1 个异常值
2025-05-11 18:06:21,630 - INFO - 列 gdd 中检测到 1 个异常值
2025-05-11 18:06:21,633 - INFO - 列 first_bloom_doy 中检测到 2 个异常值
2025-05-11 18:06:21,636 - INFO - 列 full_bloom_doy 中检测到 2 个异常值
2025-05-11 18:06:21,638 - INFO - 列 end_bloom_doy 中检测到 1 个异常值
2025-05-11 18:06:21,638 - INFO - 数据清理完成
2025-05-11 18:06:21,638 - INFO - 开始特征工程
2025-05-11 18:06:21,640 - INFO - 特征工程完成，新增特征: ['flowering_period_length', 'rainfall_jan_total', 'rainfall_feb_total', 'total_spring_rainfall', 'is_recent', 'daylight_mar_avg', 'avg_temperature', 'daylight_feb_avg', 'rainfall_mar_total', 'daylight_jan_avg', 'bloom_duration_days', 'end_bloom_doy', 'gdd', 'year']
2025-05-11 18:06:21,640 - INFO - 计算直接经济收益
2025-05-11 18:06:21,642 - INFO - 直接收益计算完成，平均直接收益: 10042000.00
2025-05-11 18:06:21,642 - INFO - 计算产业链总收益
2025-05-11 18:06:21,643 - INFO - 产业链总收益计算完成，平均总收益: 25105000.00
2025-05-11 18:06:21,643 - INFO - 进行敏感性分析
2025-05-11 18:06:21,643 - INFO - 游客增长 5.0% 时的平均收益: 10544100.00
2025-05-11 18:06:21,643 - INFO - 游客增长 10.0% 时的平均收益: 11046200.00
2025-05-11 18:06:21,644 - INFO - 游客增长 15.0% 时的平均收益: 11548300.00
2025-05-11 18:06:21,644 - INFO - 游客增长 20.0% 时的平均收益: 12050400.00
2025-05-11 18:06:21,644 - INFO - 计算花期延长的经济效益影响
2025-05-11 18:06:21,644 - INFO - 花期延长 10.0% 的平均经济效益: 773666.67
2025-05-11 18:06:21,645 - INFO - 花期延长 20.0% 的平均经济效益: 844000.00
2025-05-11 18:06:21,646 - INFO - 花期延长 30.0% 的平均经济效益: 914333.33
2025-05-11 18:06:21,646 - INFO - 建立花期-经济效益预测模型
2025-05-11 18:06:21,650 - INFO - 模型结果 - R\xb2: 1.0000, MSE: 0.00
2025-05-11 18:06:21,650 - INFO - 系数: 花期长度 = 110000.00, 平均温度 = -0.00, 截距 = -0.00
2025-05-11 18:06:22,005 - INFO - 图表已保存: visualization_output/flowering_vs_economic_impact.png
2025-05-11 18:06:22,373 - INFO - 图表已保存: visualization_output/temperature_vs_flowering.png
2025-05-11 18:06:22,373 - INFO - 数据中没有城市列，跳过城市比较图
2025-05-11 18:06:22,726 - INFO - 图表已保存: visualization_output/rainfall_vs_bloom.png
2025-05-11 18:06:23,092 - INFO - 图表已保存: visualization_output/prediction_model.png
2025-05-11 18:06:23,483 - INFO - 图表已保存: visualization_output/sensitivity_analysis.png
2025-05-11 18:06:23,485 - INFO - 生成分析报告:
2025-05-11 18:06:23,485 - INFO - == 数据概览 ==
2025-05-11 18:06:23,485 - INFO -   记录数: 15
2025-05-11 18:06:23,485 - INFO -   特征数: 39
2025-05-11 18:06:23,485 - INFO - == 花期统计 ==
2025-05-11 18:06:23,485 - INFO -   平均花期长度: 7.03
2025-05-11 18:06:23,485 - INFO -   最短花期: 5.00
2025-05-11 18:06:23,485 - INFO -   最长花期: 11.00
2025-05-11 18:06:23,485 - INFO - == 经济效益 ==
2025-05-11 18:06:23,485 - INFO -   平均经济效益: 773666.67
2025-05-11 18:06:23,485 - INFO -   最高经济效益: 1210000.00
2025-05-11 18:06:23,485 - INFO - == 模型评估 ==
2025-05-11 18:06:23,485 - INFO -   R\xb2: 1.00
2025-05-11 18:06:23,485 - INFO -   花期长度系数: 110000.00
2025-05-11 18:06:23,485 - INFO -   温度系数: -0.00
2025-05-11 18:06:23,485 - INFO - 分析完成
2025-05-11 18:06:29,808 - INFO - 开始分析 ./杏花年度历史数据_含积温.csv
2025-05-11 18:06:29,808 - INFO - 加载数据: ./杏花年度历史数据_含积温.csv
2025-05-11 18:06:29,811 - INFO - 成功加载数据，包含 15 行和 15 列
2025-05-11 18:06:29,811 - INFO - 开始数据清理
2025-05-11 18:06:29,815 - INFO - 列 temp_jan_avg 中检测到 1 个异常值
2025-05-11 18:06:29,816 - INFO - 列 temp_feb_avg 中检测到 1 个异常值
2025-05-11 18:06:29,821 - INFO - 列 rainfall_mar_total 中检测到 1 个异常值
2025-05-11 18:06:29,824 - INFO - 列 gdd 中检测到 1 个异常值
2025-05-11 18:06:29,849 - INFO - 列 first_bloom_doy 中检测到 2 个异常值
2025-05-11 18:06:29,851 - INFO - 列 full_bloom_doy 中检测到 2 个异常值
2025-05-11 18:06:29,853 - INFO - 列 end_bloom_doy 中检测到 1 个异常值
2025-05-11 18:06:29,854 - INFO - 数据清理完成
2025-05-11 18:06:29,854 - INFO - 开始特征工程
2025-05-11 18:06:29,857 - INFO - 特征工程完成，新增特征: ['total_spring_rainfall', 'daylight_jan_avg', 'year', 'end_bloom_doy', 'daylight_feb_avg', 'daylight_mar_avg', 'rainfall_mar_total', 'avg_temperature', 'bloom_duration_days', 'is_recent', 'gdd', 'rainfall_jan_total', 'flowering_period_length', 'rainfall_feb_total']
2025-05-11 18:06:29,857 - INFO - 计算直接经济收益
2025-05-11 18:06:29,858 - INFO - 直接收益计算完成，平均直接收益: 10042000.00
2025-05-11 18:06:29,859 - INFO - 计算产业链总收益
2025-05-11 18:06:29,859 - INFO - 产业链总收益计算完成，平均总收益: 25105000.00
2025-05-11 18:06:29,860 - INFO - 进行敏感性分析
2025-05-11 18:06:29,860 - INFO - 游客增长 5.0% 时的平均收益: 10544100.00
2025-05-11 18:06:29,860 - INFO - 游客增长 10.0% 时的平均收益: 11046200.00
2025-05-11 18:06:29,861 - INFO - 游客增长 15.0% 时的平均收益: 11548300.00
2025-05-11 18:06:29,861 - INFO - 游客增长 20.0% 时的平均收益: 12050400.00
2025-05-11 18:06:29,861 - INFO - 计算花期延长的经济效益影响
2025-05-11 18:06:29,862 - INFO - 花期延长 10.0% 的平均经济效益: 773666.67
2025-05-11 18:06:29,862 - INFO - 花期延长 20.0% 的平均经济效益: 844000.00
2025-05-11 18:06:29,862 - INFO - 花期延长 30.0% 的平均经济效益: 914333.33
2025-05-11 18:06:29,863 - INFO - 建立花期-经济效益预测模型
2025-05-11 18:06:29,866 - INFO - 模型结果 - R\xb2: 1.0000, MSE: 0.00
2025-05-11 18:06:29,866 - INFO - 系数: 花期长度 = 110000.00, 平均温度 = -0.00, 截距 = -0.00
2025-05-11 18:06:30,203 - INFO - 图表已保存: visualization_output/flowering_vs_economic_impact.png
2025-05-11 18:06:30,573 - INFO - 图表已保存: visualization_output/temperature_vs_flowering.png
2025-05-11 18:06:30,573 - INFO - 数据中没有城市列，跳过城市比较图
2025-05-11 18:06:30,914 - INFO - 图表已保存: visualization_output/rainfall_vs_bloom.png
2025-05-11 18:06:31,241 - INFO - 图表已保存: visualization_output/prediction_model.png
2025-05-11 18:06:31,638 - INFO - 图表已保存: visualization_output/sensitivity_analysis.png
2025-05-11 18:06:31,640 - INFO - 生成分析报告:
2025-05-11 18:06:31,640 - INFO - == 数据概览 ==
2025-05-11 18:06:31,640 - INFO -   记录数: 15
2025-05-11 18:06:31,640 - INFO -   特征数: 39
2025-05-11 18:06:31,640 - INFO - == 花期统计 ==
2025-05-11 18:06:31,640 - INFO -   平均花期长度: 7.03
2025-05-11 18:06:31,640 - INFO -   最短花期: 5.00
2025-05-11 18:06:31,640 - INFO -   最长花期: 11.00
2025-05-11 18:06:31,640 - INFO - == 经济效益 ==
2025-05-11 18:06:31,640 - INFO -   平均经济效益: 773666.67
2025-05-11 18:06:31,640 - INFO -   最高经济效益: 1210000.00
2025-05-11 18:06:31,640 - INFO - == 模型评估 ==
2025-05-11 18:06:31,640 - INFO -   R\xb2: 1.00
2025-05-11 18:06:31,640 - INFO -   花期长度系数: 110000.00
2025-05-11 18:06:31,640 - INFO -   温度系数: -0.00
2025-05-11 18:06:31,641 - INFO - 分析完成
2025-05-11 21:42:19,572 - INFO - 开始分析 ./杏花年度历史数据_含积温.csv
2025-05-11 21:42:19,572 - INFO - 加载数据: ./杏花年度历史数据_含积温.csv
2025-05-11 21:42:19,579 - INFO - 成功加载数据，包含 15 行和 15 列
2025-05-11 21:42:19,579 - INFO - 开始数据清理
2025-05-11 21:42:19,583 - INFO - 列 temp_jan_avg 中检测到 1 个异常值
2025-05-11 21:42:19,584 - INFO - 列 temp_feb_avg 中检测到 1 个异常值
2025-05-11 21:42:19,587 - INFO - 列 rainfall_mar_total 中检测到 1 个异常值
2025-05-11 21:42:19,588 - INFO - 列 gdd 中检测到 1 个异常值
2025-05-11 21:42:19,590 - INFO - 列 first_bloom_doy 中检测到 2 个异常值
2025-05-11 21:42:19,592 - INFO - 列 full_bloom_doy 中检测到 2 个异常值
2025-05-11 21:42:19,594 - INFO - 列 end_bloom_doy 中检测到 1 个异常值
2025-05-11 21:42:19,594 - INFO - 数据清理完成
2025-05-11 21:42:19,594 - INFO - 开始特征工程
2025-05-11 21:42:19,595 - INFO - 特征工程完成，新增特征: ['end_bloom_doy', 'rainfall_feb_total', 'total_spring_rainfall', 'daylight_mar_avg', 'year', 'daylight_jan_avg', 'daylight_feb_avg', 'bloom_duration_days', 'rainfall_jan_total', 'avg_temperature', 'gdd', 'flowering_period_length', 'is_recent', 'rainfall_mar_total']
2025-05-11 21:42:19,595 - INFO - 计算直接经济收益
2025-05-11 21:42:19,597 - INFO - 直接收益计算完成，平均直接收益: 10042000.00
2025-05-11 21:42:19,597 - INFO - 计算产业链总收益
2025-05-11 21:42:19,597 - INFO - 产业链总收益计算完成，平均总收益: 25105000.00
2025-05-11 21:42:19,597 - INFO - 进行敏感性分析
2025-05-11 21:42:19,598 - INFO - 游客增长 5.0% 时的平均收益: 10544100.00
2025-05-11 21:42:19,598 - INFO - 游客增长 10.0% 时的平均收益: 11046200.00
2025-05-11 21:42:19,598 - INFO - 游客增长 15.0% 时的平均收益: 11548300.00
2025-05-11 21:42:19,598 - INFO - 游客增长 20.0% 时的平均收益: 12050400.00
2025-05-11 21:42:19,598 - INFO - 计算花期延长的经济效益影响
2025-05-11 21:42:19,599 - INFO - 花期延长 10.0% 的平均经济效益: 773666.67
2025-05-11 21:42:19,599 - INFO - 花期延长 20.0% 的平均经济效益: 844000.00
2025-05-11 21:42:19,600 - INFO - 花期延长 30.0% 的平均经济效益: 914333.33
2025-05-11 21:42:19,600 - INFO - 建立花期-经济效益预测模型
2025-05-11 21:42:19,608 - INFO - 模型结果 - R\xb2: 1.0000, MSE: 0.00
2025-05-11 21:42:19,608 - INFO - 系数: 花期长度 = 110000.00, 平均温度 = -0.00, 截距 = -0.00
2025-05-11 21:42:19,992 - INFO - 图表已保存: visualization_output/flowering_vs_economic_impact.png
2025-05-11 21:42:20,409 - INFO - 图表已保存: visualization_output/temperature_vs_flowering.png
2025-05-11 21:42:20,410 - INFO - 数据中没有城市列，跳过城市比较图
2025-05-11 21:42:20,770 - INFO - 图表已保存: visualization_output/rainfall_vs_bloom.png
2025-05-11 21:42:21,078 - INFO - 图表已保存: visualization_output/prediction_model.png
2025-05-11 21:42:21,428 - INFO - 图表已保存: visualization_output/sensitivity_analysis.png
2025-05-11 21:42:21,431 - INFO - 生成分析报告:
2025-05-11 21:42:21,431 - INFO - == 数据概览 ==
2025-05-11 21:42:21,431 - INFO -   记录数: 15
2025-05-11 21:42:21,431 - INFO -   特征数: 39
2025-05-11 21:42:21,431 - INFO - == 花期统计 ==
2025-05-11 21:42:21,432 - INFO -   平均花期长度: 7.03
2025-05-11 21:42:21,432 - INFO -   最短花期: 5.00
2025-05-11 21:42:21,432 - INFO -   最长花期: 11.00
2025-05-11 21:42:21,432 - INFO - == 经济效益 ==
2025-05-11 21:42:21,432 - INFO -   平均经济效益: 773666.67
2025-05-11 21:42:21,432 - INFO -   最高经济效益: 1210000.00
2025-05-11 21:42:21,432 - INFO - == 模型评估 ==
2025-05-11 21:42:21,432 - INFO -   R\xb2: 1.00
2025-05-11 21:42:21,432 - INFO -   花期长度系数: 110000.00
2025-05-11 21:42:21,432 - INFO -   温度系数: -0.00
2025-05-11 21:42:21,432 - INFO - 分析完成
2025-05-11 21:56:49,097 - INFO - 开始分析 ./杏花年度历史数据_含积温.csv
2025-05-11 21:56:49,097 - INFO - 加载数据: ./杏花年度历史数据_含积温.csv
2025-05-11 21:56:49,101 - INFO - 成功加载数据，包含 15 行和 15 列
2025-05-11 21:56:49,101 - INFO - 开始数据清理
2025-05-11 21:56:49,104 - INFO - 列 temp_jan_avg 中检测到 1 个异常值
2025-05-11 21:56:49,105 - INFO - 列 temp_feb_avg 中检测到 1 个异常值
2025-05-11 21:56:49,107 - INFO - 列 rainfall_mar_total 中检测到 1 个异常值
2025-05-11 21:56:49,109 - INFO - 列 gdd 中检测到 1 个异常值
2025-05-11 21:56:49,110 - INFO - 列 first_bloom_doy 中检测到 2 个异常值
2025-05-11 21:56:49,111 - INFO - 列 full_bloom_doy 中检测到 2 个异常值
2025-05-11 21:56:49,112 - INFO - 列 end_bloom_doy 中检测到 1 个异常值
2025-05-11 21:56:49,112 - INFO - 数据清理完成
2025-05-11 21:56:49,112 - INFO - 开始特征工程
2025-05-11 21:56:49,113 - INFO - 特征工程完成，新增特征: ['daylight_jan_avg', 'daylight_feb_avg', 'bloom_duration_days', 'rainfall_mar_total', 'total_spring_rainfall', 'end_bloom_doy', 'rainfall_jan_total', 'flowering_period_length', 'avg_temperature', 'is_recent', 'year', 'gdd', 'daylight_mar_avg', 'rainfall_feb_total']
2025-05-11 21:56:49,113 - INFO - 计算直接经济收益
2025-05-11 21:56:49,114 - INFO - 直接收益计算完成，平均直接收益: 10042000.00
2025-05-11 21:56:49,114 - INFO - 计算产业链总收益
2025-05-11 21:56:49,115 - INFO - 产业链总收益计算完成，平均总收益: 25105000.00
2025-05-11 21:56:49,115 - INFO - 进行敏感性分析
2025-05-11 21:56:49,115 - INFO - 游客增长 5.0% 时的平均收益: 10544100.00
2025-05-11 21:56:49,115 - INFO - 游客增长 10.0% 时的平均收益: 11046200.00
2025-05-11 21:56:49,115 - INFO - 游客增长 15.0% 时的平均收益: 11548300.00
2025-05-11 21:56:49,116 - INFO - 游客增长 20.0% 时的平均收益: 12050400.00
2025-05-11 21:56:49,116 - INFO - 计算花期延长的经济效益影响
2025-05-11 21:56:49,116 - INFO - 花期延长 10.0% 的平均经济效益: 773666.67
2025-05-11 21:56:49,116 - INFO - 花期延长 20.0% 的平均经济效益: 844000.00
2025-05-11 21:56:49,117 - INFO - 花期延长 30.0% 的平均经济效益: 914333.33
2025-05-11 21:56:49,117 - INFO - 建立花期-经济效益预测模型
2025-05-11 21:56:49,119 - INFO - 模型结果 - R\xb2: 1.0000, MSE: 0.00
2025-05-11 21:56:49,120 - INFO - 系数: 花期长度 = 110000.00, 平均温度 = -0.00, 截距 = -0.00
2025-05-11 21:56:49,535 - INFO - 图表已保存: visualization_output/flowering_vs_economic_impact.png
2025-05-11 21:56:49,872 - INFO - 图表已保存: visualization_output/temperature_vs_flowering.png
2025-05-11 21:56:49,873 - INFO - 数据中没有城市列，跳过城市比较图
2025-05-11 21:56:50,201 - INFO - 图表已保存: visualization_output/rainfall_vs_bloom.png
2025-05-11 21:56:50,457 - INFO - 图表已保存: visualization_output/prediction_model.png
2025-05-11 21:56:50,764 - INFO - 图表已保存: visualization_output/sensitivity_analysis.png
2025-05-11 21:56:50,767 - INFO - 生成分析报告:
2025-05-11 21:56:50,767 - INFO - == 数据概览 ==
2025-05-11 21:56:50,767 - INFO -   记录数: 15
2025-05-11 21:56:50,767 - INFO -   特征数: 39
2025-05-11 21:56:50,767 - INFO - == 花期统计 ==
2025-05-11 21:56:50,767 - INFO -   平均花期长度: 7.03
2025-05-11 21:56:50,767 - INFO -   最短花期: 5.00
2025-05-11 21:56:50,767 - INFO -   最长花期: 11.00
2025-05-11 21:56:50,767 - INFO - == 经济效益 ==
2025-05-11 21:56:50,767 - INFO -   平均经济效益: 773666.67
2025-05-11 21:56:50,767 - INFO -   最高经济效益: 1210000.00
2025-05-11 21:56:50,767 - INFO - == 模型评估 ==
2025-05-11 21:56:50,767 - INFO -   R\xb2: 1.00
2025-05-11 21:56:50,767 - INFO -   花期长度系数: 110000.00
2025-05-11 21:56:50,767 - INFO -   温度系数: -0.00
2025-05-11 21:56:50,768 - INFO - 分析完成
2025-05-11 21:59:14,862 - INFO - 开始分析 ./杏花年度历史数据_含积温.csv
2025-05-11 21:59:14,862 - INFO - 加载数据: ./杏花年度历史数据_含积温.csv
2025-05-11 21:59:14,867 - INFO - 成功加载数据，包含 15 行和 15 列
2025-05-11 21:59:14,867 - INFO - 开始数据清理
2025-05-11 21:59:14,870 - INFO - 列 temp_jan_avg 中检测到 1 个异常值
2025-05-11 21:59:14,871 - INFO - 列 temp_feb_avg 中检测到 1 个异常值
2025-05-11 21:59:14,874 - INFO - 列 rainfall_mar_total 中检测到 1 个异常值
2025-05-11 21:59:14,875 - INFO - 列 gdd 中检测到 1 个异常值
2025-05-11 21:59:14,876 - INFO - 列 first_bloom_doy 中检测到 2 个异常值
2025-05-11 21:59:14,877 - INFO - 列 full_bloom_doy 中检测到 2 个异常值
2025-05-11 21:59:14,878 - INFO - 列 end_bloom_doy 中检测到 1 个异常值
2025-05-11 21:59:14,879 - INFO - 数据清理完成
2025-05-11 21:59:14,879 - INFO - 开始特征工程
2025-05-11 21:59:14,880 - INFO - 特征工程完成，新增特征: ['total_spring_rainfall', 'rainfall_jan_total', 'daylight_feb_avg', 'year', 'bloom_duration_days', 'avg_temperature', 'is_recent', 'daylight_jan_avg', 'gdd', 'rainfall_mar_total', 'daylight_mar_avg', 'rainfall_feb_total', 'end_bloom_doy', 'flowering_period_length']
2025-05-11 21:59:14,880 - INFO - 计算直接经济收益
2025-05-11 21:59:14,880 - INFO - 直接收益计算完成，平均直接收益: 10042000.00
2025-05-11 21:59:14,880 - INFO - 计算产业链总收益
2025-05-11 21:59:14,881 - INFO - 产业链总收益计算完成，平均总收益: 25105000.00
2025-05-11 21:59:14,881 - INFO - 进行敏感性分析
2025-05-11 21:59:14,881 - INFO - 游客增长 5.0% 时的平均收益: 10544100.00
2025-05-11 21:59:14,882 - INFO - 游客增长 10.0% 时的平均收益: 11046200.00
2025-05-11 21:59:14,882 - INFO - 游客增长 15.0% 时的平均收益: 11548300.00
2025-05-11 21:59:14,882 - INFO - 游客增长 20.0% 时的平均收益: 12050400.00
2025-05-11 21:59:14,882 - INFO - 计算花期延长的经济效益影响
2025-05-11 21:59:14,883 - INFO - 花期延长 10.0% 的平均经济效益: 773666.67
2025-05-11 21:59:14,883 - INFO - 花期延长 20.0% 的平均经济效益: 844000.00
2025-05-11 21:59:14,884 - INFO - 花期延长 30.0% 的平均经济效益: 914333.33
2025-05-11 21:59:14,884 - INFO - 建立花期-经济效益预测模型
2025-05-11 21:59:14,886 - INFO - 模型结果 - R\xb2: 1.0000, MSE: 0.00
2025-05-11 21:59:14,887 - INFO - 系数: 花期长度 = 110000.00, 平均温度 = -0.00, 截距 = -0.00
2025-05-11 21:59:15,238 - INFO - 图表已保存: visualization_output/flowering_vs_economic_impact.png
2025-05-11 21:59:15,585 - INFO - 图表已保存: visualization_output/temperature_vs_flowering.png
2025-05-11 21:59:15,585 - INFO - 数据中没有城市列，跳过城市比较图
2025-05-11 21:59:15,873 - INFO - 图表已保存: visualization_output/rainfall_vs_bloom.png
2025-05-11 21:59:16,128 - INFO - 图表已保存: visualization_output/prediction_model.png
2025-05-11 21:59:16,434 - INFO - 图表已保存: visualization_output/sensitivity_analysis.png
2025-05-11 21:59:16,436 - INFO - 生成分析报告:
2025-05-11 21:59:16,436 - INFO - == 数据概览 ==
2025-05-11 21:59:16,436 - INFO -   记录数: 15
2025-05-11 21:59:16,436 - INFO -   特征数: 39
2025-05-11 21:59:16,436 - INFO - == 花期统计 ==
2025-05-11 21:59:16,436 - INFO -   平均花期长度: 7.03
2025-05-11 21:59:16,436 - INFO -   最短花期: 5.00
2025-05-11 21:59:16,436 - INFO -   最长花期: 11.00
2025-05-11 21:59:16,436 - INFO - == 经济效益 ==
2025-05-11 21:59:16,436 - INFO -   平均经济效益: 773666.67
2025-05-11 21:59:16,436 - INFO -   最高经济效益: 1210000.00
2025-05-11 21:59:16,436 - INFO - == 模型评估 ==
2025-05-11 21:59:16,436 - INFO -   R\xb2: 1.00
2025-05-11 21:59:16,436 - INFO -   花期长度系数: 110000.00
2025-05-11 21:59:16,436 - INFO -   温度系数: -0.00
2025-05-11 21:59:16,436 - INFO - 分析完成
